
 /----------------------------------------------------------------------------\
 |                                                                            |
 |  yosys -- Yosys Open SYnthesis Suite                                       |
 |                                                                            |
 |  Copyright (C) 2012 - 2019  Clifford Wolf <clifford@clifford.at>           |
 |                                                                            |
 |  Permission to use, copy, modify, and/or distribute this software for any  |
 |  purpose with or without fee is hereby granted, provided that the above    |
 |  copyright notice and this permission notice appear in all copies.         |
 |                                                                            |
 |  THE SOFTWARE IS PROVIDED "AS IS" AND THE AUTHOR DISCLAIMS ALL WARRANTIES  |
 |  WITH REGARD TO THIS SOFTWARE INCLUDING ALL IMPLIED WARRANTIES OF          |
 |  MERCHANTABILITY AND FITNESS. IN NO EVENT SHALL THE AUTHOR BE LIABLE FOR   |
 |  ANY SPECIAL, DIRECT, INDIRECT, OR CONSEQUENTIAL DAMAGES OR ANY DAMAGES    |
 |  WHATSOEVER RESULTING FROM LOSS OF USE, DATA OR PROFITS, WHETHER IN AN     |
 |  ACTION OF CONTRACT, NEGLIGENCE OR OTHER TORTIOUS ACTION, ARISING OUT OF   |
 |  OR IN CONNECTION WITH THE USE OR PERFORMANCE OF THIS SOFTWARE.            |
 |                                                                            |
 \----------------------------------------------------------------------------/

 Yosys 0.9+1706 (git sha1 0930c00f, clang 6.0.0-1ubuntu2 -fPIC -Os)


-- Executing script file `top.ys' --

1. Executing Verilog-2005 frontend: /home/pascal/Documents/ensta/work/fpga_101/lab001/solutions_alhambra/build/top.v
Parsing Verilog input from `/home/pascal/Documents/ensta/work/fpga_101/lab001/solutions_alhambra/build/top.v' to AST representation.
Generating RTLIL representation for module `\top'.
Successfully finished Verilog frontend.

2. Executing ATTRMAP pass (move or copy attributes).
Changed attribute on top.clk12: keep="true" -> keep=1

3. Executing SYNTH_ICE40 pass.

3.1. Executing Verilog-2005 frontend: /usr/local/bin/share/ice40/cells_sim.v
Parsing Verilog input from `/usr/local/bin/share/ice40/cells_sim.v' to AST representation.
Generating RTLIL representation for module `\SB_IO'.
Generating RTLIL representation for module `\SB_GB_IO'.
Generating RTLIL representation for module `\SB_GB'.
Generating RTLIL representation for module `\SB_LUT4'.
Generating RTLIL representation for module `\SB_CARRY'.
Generating RTLIL representation for module `\SB_DFF'.
Generating RTLIL representation for module `\SB_DFFE'.
Generating RTLIL representation for module `\SB_DFFSR'.
Generating RTLIL representation for module `\SB_DFFR'.
Generating RTLIL representation for module `\SB_DFFSS'.
Generating RTLIL representation for module `\SB_DFFS'.
Generating RTLIL representation for module `\SB_DFFESR'.
Generating RTLIL representation for module `\SB_DFFER'.
Generating RTLIL representation for module `\SB_DFFESS'.
Generating RTLIL representation for module `\SB_DFFES'.
Generating RTLIL representation for module `\SB_DFFN'.
Generating RTLIL representation for module `\SB_DFFNE'.
Generating RTLIL representation for module `\SB_DFFNSR'.
Generating RTLIL representation for module `\SB_DFFNR'.
Generating RTLIL representation for module `\SB_DFFNSS'.
Generating RTLIL representation for module `\SB_DFFNS'.
Generating RTLIL representation for module `\SB_DFFNESR'.
Generating RTLIL representation for module `\SB_DFFNER'.
Generating RTLIL representation for module `\SB_DFFNESS'.
Generating RTLIL representation for module `\SB_DFFNES'.
Generating RTLIL representation for module `\SB_RAM40_4K'.
Generating RTLIL representation for module `\SB_RAM40_4KNR'.
Generating RTLIL representation for module `\SB_RAM40_4KNW'.
Generating RTLIL representation for module `\SB_RAM40_4KNRNW'.
Generating RTLIL representation for module `\ICESTORM_LC'.
Generating RTLIL representation for module `\SB_PLL40_CORE'.
Generating RTLIL representation for module `\SB_PLL40_PAD'.
Generating RTLIL representation for module `\SB_PLL40_2_PAD'.
Generating RTLIL representation for module `\SB_PLL40_2F_CORE'.
Generating RTLIL representation for module `\SB_PLL40_2F_PAD'.
Generating RTLIL representation for module `\SB_WARMBOOT'.
Generating RTLIL representation for module `\SB_SPRAM256KA'.
Generating RTLIL representation for module `\SB_HFOSC'.
Generating RTLIL representation for module `\SB_LFOSC'.
Generating RTLIL representation for module `\SB_RGBA_DRV'.
Generating RTLIL representation for module `\SB_LED_DRV_CUR'.
Generating RTLIL representation for module `\SB_RGB_DRV'.
Generating RTLIL representation for module `\SB_I2C'.
Generating RTLIL representation for module `\SB_SPI'.
Generating RTLIL representation for module `\SB_LEDDA_IP'.
Generating RTLIL representation for module `\SB_FILTER_50NS'.
Generating RTLIL representation for module `\SB_IO_I3C'.
Generating RTLIL representation for module `\SB_IO_OD'.
Generating RTLIL representation for module `\SB_MAC16'.
Generating RTLIL representation for module `\ICESTORM_RAM'.
Successfully finished Verilog frontend.

3.2. Executing HIERARCHY pass (managing design hierarchy).

3.2.1. Analyzing design hierarchy..
Top module:  \top

3.2.2. Analyzing design hierarchy..
Top module:  \top
Removed 0 unused modules.

3.3. Executing PROC pass (convert processes to netlists).

3.3.1. Executing PROC_CLEAN pass (remove empty switches from decision trees).
Found and cleaned up 1 empty switch in `\top.$proc$/home/pascal/Documents/ensta/work/fpga_101/lab001/solutions_alhambra/build/top.v:27$2'.
Removing empty process `top.$proc$/home/pascal/Documents/ensta/work/fpga_101/lab001/solutions_alhambra/build/top.v:27$2'.
Cleaned up 1 empty switch.

3.3.2. Executing PROC_RMDEAD pass (remove dead branches from decision trees).
Removed a total of 0 dead cases.

3.3.3. Executing PROC_PRUNE pass (remove redundant assignments in processes).
Removed 0 redundant assignments.
Promoted 2 assignments to connections.

3.3.4. Executing PROC_INIT pass (extract init attributes).
Found init rule in `\top.$proc$/home/pascal/Documents/ensta/work/fpga_101/lab001/solutions_alhambra/build/top.v:15$3'.
  Set init value: \int_rst = 1'1

3.3.5. Executing PROC_ARST pass (detect async resets in processes).

3.3.6. Executing PROC_MUX pass (convert decision trees to multiplexers).
Creating decoders for process `\top.$proc$/home/pascal/Documents/ensta/work/fpga_101/lab001/solutions_alhambra/build/top.v:15$3'.
Creating decoders for process `\top.$proc$/home/pascal/Documents/ensta/work/fpga_101/lab001/solutions_alhambra/build/top.v:23$1'.

3.3.7. Executing PROC_DLATCH pass (convert process syncs to latches).

3.3.8. Executing PROC_DFF pass (convert process syncs to FFs).
Creating register for signal `\top.\int_rst' using process `\top.$proc$/home/pascal/Documents/ensta/work/fpga_101/lab001/solutions_alhambra/build/top.v:23$1'.
  created $dff cell `$procdff$344' with positive edge clock.

3.3.9. Executing PROC_CLEAN pass (remove empty switches from decision trees).
Removing empty process `top.$proc$/home/pascal/Documents/ensta/work/fpga_101/lab001/solutions_alhambra/build/top.v:15$3'.
Removing empty process `top.$proc$/home/pascal/Documents/ensta/work/fpga_101/lab001/solutions_alhambra/build/top.v:23$1'.
Cleaned up 0 empty switches.

3.4. Executing FLATTEN pass (flatten design).
No more expansions possible.

3.5. Executing TRIBUF pass.

3.6. Executing DEMINOUT pass (demote inout ports to input or output).

3.7. Executing OPT_EXPR pass (perform const folding).
Optimizing module top.

3.8. Executing OPT_CLEAN pass (remove unused cells and wires).
Finding unused cells or wires in module \top..
Removed 1 unused cells and 2 unused wires.
<suppressed ~2 debug messages>

3.9. Executing CHECK pass (checking for obvious problems).
checking module top..
found and reported 0 problems.

3.10. Executing OPT pass (performing simple optimizations).

3.10.1. Executing OPT_EXPR pass (perform const folding).
Optimizing module top.

3.10.2. Executing OPT_MERGE pass (detect identical cells).
Finding identical cells in module `\top'.
Removed a total of 0 cells.

3.10.3. Executing OPT_MUXTREE pass (detect dead branches in mux trees).
Running muxtree optimizer on module \top..
  Creating internal representation of mux trees.
  No muxes found in this module.
Removed 0 multiplexer ports.

3.10.4. Executing OPT_REDUCE pass (consolidate $*mux and $reduce_* inputs).
  Optimizing cells in module \top.
Performed a total of 0 changes.

3.10.5. Executing OPT_MERGE pass (detect identical cells).
Finding identical cells in module `\top'.
Removed a total of 0 cells.

3.10.6. Executing OPT_RMDFF pass (remove dff with constant values).
Promoting init spec \int_rst = 1'1 to constant driver in module top.
Promoted 1 init specs to constant drivers.

3.10.7. Executing OPT_CLEAN pass (remove unused cells and wires).
Finding unused cells or wires in module \top..

3.10.8. Executing OPT_EXPR pass (perform const folding).
Optimizing module top.

3.10.9. Rerunning OPT passes. (Maybe there is more to do..)

3.10.10. Executing OPT_MUXTREE pass (detect dead branches in mux trees).
Running muxtree optimizer on module \top..
  Creating internal representation of mux trees.
  No muxes found in this module.
Removed 0 multiplexer ports.

3.10.11. Executing OPT_REDUCE pass (consolidate $*mux and $reduce_* inputs).
  Optimizing cells in module \top.
Performed a total of 0 changes.

3.10.12. Executing OPT_MERGE pass (detect identical cells).
Finding identical cells in module `\top'.
Removed a total of 0 cells.

3.10.13. Executing OPT_RMDFF pass (remove dff with constant values).

3.10.14. Executing OPT_CLEAN pass (remove unused cells and wires).
Finding unused cells or wires in module \top..

3.10.15. Executing OPT_EXPR pass (perform const folding).
Optimizing module top.

3.10.16. Finished OPT passes. (There is nothing left to do.)

3.11. Executing WREDUCE pass (reducing word size of cells).

3.12. Executing PEEPOPT pass (run peephole optimizers).

3.13. Executing OPT_CLEAN pass (remove unused cells and wires).
Finding unused cells or wires in module \top..

3.14. Executing SHARE pass (SAT-based resource sharing).

3.15. Executing TECHMAP pass (map to technology primitives).

3.15.1. Executing Verilog-2005 frontend: /usr/local/bin/share/cmp2lut.v
Parsing Verilog input from `/usr/local/bin/share/cmp2lut.v' to AST representation.
Generating RTLIL representation for module `\_90_lut_cmp_'.
Successfully finished Verilog frontend.

3.15.2. Continuing TECHMAP pass.
No more expansions possible.

3.16. Executing OPT_EXPR pass (perform const folding).
Optimizing module top.

3.17. Executing OPT_CLEAN pass (remove unused cells and wires).
Finding unused cells or wires in module \top..

3.18. Executing MEMORY_DFF pass (merging $dff cells to $memrd and $memwr).

3.19. Executing WREDUCE pass (reducing word size of cells).

3.20. Executing TECHMAP pass (map to technology primitives).

3.20.1. Executing Verilog-2005 frontend: /usr/local/bin/share/mul2dsp.v
Parsing Verilog input from `/usr/local/bin/share/mul2dsp.v' to AST representation.
Generating RTLIL representation for module `\_80_mul'.
Generating RTLIL representation for module `\_90_soft_mul'.
Successfully finished Verilog frontend.

3.20.2. Executing Verilog-2005 frontend: /usr/local/bin/share/ice40/dsp_map.v
Parsing Verilog input from `/usr/local/bin/share/ice40/dsp_map.v' to AST representation.
Generating RTLIL representation for module `\$__MUL16X16'.
Successfully finished Verilog frontend.

3.20.3. Continuing TECHMAP pass.
No more expansions possible.

3.21. Executing OPT_EXPR pass (perform const folding).

3.22. Executing WREDUCE pass (reducing word size of cells).

3.23. Executing ICE40_DSP pass (map multipliers).

3.24. Executing ALUMACC pass (create $alu and $macc cells).
Extracting $alu and $macc cells in module top:
  created 0 $alu and 0 $macc cells.

3.25. Executing OPT pass (performing simple optimizations).

3.25.1. Executing OPT_EXPR pass (perform const folding).
Optimizing module top.

3.25.2. Executing OPT_MERGE pass (detect identical cells).
Finding identical cells in module `\top'.
Removed a total of 0 cells.

3.25.3. Executing OPT_MUXTREE pass (detect dead branches in mux trees).
Running muxtree optimizer on module \top..
  Creating internal representation of mux trees.
  No muxes found in this module.
Removed 0 multiplexer ports.

3.25.4. Executing OPT_REDUCE pass (consolidate $*mux and $reduce_* inputs).
  Optimizing cells in module \top.
Performed a total of 0 changes.

3.25.5. Executing OPT_MERGE pass (detect identical cells).
Finding identical cells in module `\top'.
Removed a total of 0 cells.

3.25.6. Executing OPT_RMDFF pass (remove dff with constant values).

3.25.7. Executing OPT_CLEAN pass (remove unused cells and wires).
Finding unused cells or wires in module \top..

3.25.8. Executing OPT_EXPR pass (perform const folding).
Optimizing module top.

3.25.9. Finished OPT passes. (There is nothing left to do.)

3.26. Executing FSM pass (extract and optimize FSM).

3.26.1. Executing FSM_DETECT pass (finding FSMs in design).

3.26.2. Executing FSM_EXTRACT pass (extracting FSM from design).

3.26.3. Executing FSM_OPT pass (simple optimizations of FSMs).

3.26.4. Executing OPT_CLEAN pass (remove unused cells and wires).
Finding unused cells or wires in module \top..

3.26.5. Executing FSM_OPT pass (simple optimizations of FSMs).

3.26.6. Executing FSM_RECODE pass (re-assigning FSM state encoding).

3.26.7. Executing FSM_INFO pass (dumping all available information on FSM cells).

3.26.8. Executing FSM_MAP pass (mapping FSMs to basic logic).

3.27. Executing OPT pass (performing simple optimizations).

3.27.1. Executing OPT_EXPR pass (perform const folding).
Optimizing module top.

3.27.2. Executing OPT_MERGE pass (detect identical cells).
Finding identical cells in module `\top'.
Removed a total of 0 cells.

3.27.3. Executing OPT_RMDFF pass (remove dff with constant values).

3.27.4. Executing OPT_CLEAN pass (remove unused cells and wires).
Finding unused cells or wires in module \top..

3.27.5. Finished fast OPT passes.

3.28. Executing MEMORY pass.

3.28.1. Executing OPT_MEM pass (optimize memories).
Performed a total of 0 transformations.

3.28.2. Executing MEMORY_DFF pass (merging $dff cells to $memrd and $memwr).

3.28.3. Executing OPT_CLEAN pass (remove unused cells and wires).
Finding unused cells or wires in module \top..

3.28.4. Executing MEMORY_SHARE pass (consolidating $memrd/$memwr cells).

3.28.5. Executing OPT_CLEAN pass (remove unused cells and wires).
Finding unused cells or wires in module \top..

3.28.6. Executing MEMORY_COLLECT pass (generating $mem cells).

3.29. Executing OPT_CLEAN pass (remove unused cells and wires).
Finding unused cells or wires in module \top..

3.30. Executing MEMORY_BRAM pass (mapping $mem cells to block memories).

3.31. Executing TECHMAP pass (map to technology primitives).

3.31.1. Executing Verilog-2005 frontend: /usr/local/bin/share/ice40/brams_map.v
Parsing Verilog input from `/usr/local/bin/share/ice40/brams_map.v' to AST representation.
Generating RTLIL representation for module `\$__ICE40_RAM4K'.
Generating RTLIL representation for module `\$__ICE40_RAM4K_M0'.
Generating RTLIL representation for module `\$__ICE40_RAM4K_M123'.
Successfully finished Verilog frontend.

3.31.2. Continuing TECHMAP pass.
No more expansions possible.

3.32. Executing ICE40_BRAMINIT pass.

3.33. Executing OPT pass (performing simple optimizations).

3.33.1. Executing OPT_EXPR pass (perform const folding).
Optimizing module top.

3.33.2. Executing OPT_MERGE pass (detect identical cells).
Finding identical cells in module `\top'.
Removed a total of 0 cells.

3.33.3. Executing OPT_RMDFF pass (remove dff with constant values).

3.33.4. Executing OPT_CLEAN pass (remove unused cells and wires).
Finding unused cells or wires in module \top..

3.33.5. Finished fast OPT passes.

3.34. Executing MEMORY_MAP pass (converting $mem cells to logic and flip-flops).

3.35. Executing OPT pass (performing simple optimizations).

3.35.1. Executing OPT_EXPR pass (perform const folding).
Optimizing module top.

3.35.2. Executing OPT_MERGE pass (detect identical cells).
Finding identical cells in module `\top'.
Removed a total of 0 cells.

3.35.3. Executing OPT_MUXTREE pass (detect dead branches in mux trees).
Running muxtree optimizer on module \top..
  Creating internal representation of mux trees.
  No muxes found in this module.
Removed 0 multiplexer ports.

3.35.4. Executing OPT_REDUCE pass (consolidate $*mux and $reduce_* inputs).
  Optimizing cells in module \top.
Performed a total of 0 changes.

3.35.5. Executing OPT_MERGE pass (detect identical cells).
Finding identical cells in module `\top'.
Removed a total of 0 cells.

3.35.6. Executing OPT_RMDFF pass (remove dff with constant values).

3.35.7. Executing OPT_CLEAN pass (remove unused cells and wires).
Finding unused cells or wires in module \top..

3.35.8. Executing OPT_EXPR pass (perform const folding).
Optimizing module top.

3.35.9. Finished OPT passes. (There is nothing left to do.)

3.36. Executing ICE40_WRAPCARRY pass (wrap carries).

3.37. Executing TECHMAP pass (map to technology primitives).

3.37.1. Executing Verilog-2005 frontend: /usr/local/bin/share/techmap.v
Parsing Verilog input from `/usr/local/bin/share/techmap.v' to AST representation.
Generating RTLIL representation for module `\_90_simplemap_bool_ops'.
Generating RTLIL representation for module `\_90_simplemap_reduce_ops'.
Generating RTLIL representation for module `\_90_simplemap_logic_ops'.
Generating RTLIL representation for module `\_90_simplemap_compare_ops'.
Generating RTLIL representation for module `\_90_simplemap_various'.
Generating RTLIL representation for module `\_90_simplemap_registers'.
Generating RTLIL representation for module `\_90_shift_ops_shr_shl_sshl_sshr'.
Generating RTLIL representation for module `\_90_shift_shiftx'.
Generating RTLIL representation for module `\_90_fa'.
Generating RTLIL representation for module `\_90_lcu'.
Generating RTLIL representation for module `\_90_alu'.
Generating RTLIL representation for module `\_90_macc'.
Generating RTLIL representation for module `\_90_alumacc'.
Generating RTLIL representation for module `\$__div_mod_u'.
Generating RTLIL representation for module `\$__div_mod'.
Generating RTLIL representation for module `\_90_div'.
Generating RTLIL representation for module `\_90_mod'.
Generating RTLIL representation for module `\_90_pow'.
Generating RTLIL representation for module `\_90_pmux'.
Generating RTLIL representation for module `\_90_lut'.
Successfully finished Verilog frontend.

3.37.2. Executing Verilog-2005 frontend: /usr/local/bin/share/ice40/arith_map.v
Parsing Verilog input from `/usr/local/bin/share/ice40/arith_map.v' to AST representation.
Generating RTLIL representation for module `\_80_ice40_alu'.
Successfully finished Verilog frontend.

3.37.3. Continuing TECHMAP pass.
No more expansions possible.

3.38. Executing OPT pass (performing simple optimizations).

3.38.1. Executing OPT_EXPR pass (perform const folding).
Optimizing module top.

3.38.2. Executing OPT_MERGE pass (detect identical cells).
Finding identical cells in module `\top'.
Removed a total of 0 cells.

3.38.3. Executing OPT_RMDFF pass (remove dff with constant values).

3.38.4. Executing OPT_CLEAN pass (remove unused cells and wires).
Finding unused cells or wires in module \top..

3.38.5. Finished fast OPT passes.

3.39. Executing ICE40_OPT pass (performing simple optimizations).

3.39.1. Running ICE40 specific optimizations.

3.39.2. Executing OPT_EXPR pass (perform const folding).
Optimizing module top.

3.39.3. Executing OPT_MERGE pass (detect identical cells).
Finding identical cells in module `\top'.
Removed a total of 0 cells.

3.39.4. Executing OPT_RMDFF pass (remove dff with constant values).

3.39.5. Executing OPT_CLEAN pass (remove unused cells and wires).
Finding unused cells or wires in module \top..

3.39.6. Finished OPT passes. (There is nothing left to do.)

3.40. Executing DFFSR2DFF pass (mapping DFFSR cells to simpler FFs).

3.41. Executing DFF2DFFE pass (transform $dff to $dffe where applicable).
Selected cell types for direct conversion:
  $_DFF_PP1_ -> $__DFFE_PP1
  $_DFF_PP0_ -> $__DFFE_PP0
  $_DFF_PN1_ -> $__DFFE_PN1
  $_DFF_PN0_ -> $__DFFE_PN0
  $_DFF_NP1_ -> $__DFFE_NP1
  $_DFF_NP0_ -> $__DFFE_NP0
  $_DFF_NN1_ -> $__DFFE_NN1
  $_DFF_NN0_ -> $__DFFE_NN0
  $_DFF_N_ -> $_DFFE_NP_
  $_DFF_P_ -> $_DFFE_PP_
Transforming FF to FF+Enable cells in module top:

3.42. Executing TECHMAP pass (map to technology primitives).

3.42.1. Executing Verilog-2005 frontend: /usr/local/bin/share/ice40/cells_map.v
Parsing Verilog input from `/usr/local/bin/share/ice40/cells_map.v' to AST representation.
Generating RTLIL representation for module `\$_DFF_N_'.
Generating RTLIL representation for module `\$_DFF_P_'.
Generating RTLIL representation for module `\$_DFFE_NN_'.
Generating RTLIL representation for module `\$_DFFE_PN_'.
Generating RTLIL representation for module `\$_DFFE_NP_'.
Generating RTLIL representation for module `\$_DFFE_PP_'.
Generating RTLIL representation for module `\$_DFF_NN0_'.
Generating RTLIL representation for module `\$_DFF_NN1_'.
Generating RTLIL representation for module `\$_DFF_PN0_'.
Generating RTLIL representation for module `\$_DFF_PN1_'.
Generating RTLIL representation for module `\$_DFF_NP0_'.
Generating RTLIL representation for module `\$_DFF_NP1_'.
Generating RTLIL representation for module `\$_DFF_PP0_'.
Generating RTLIL representation for module `\$_DFF_PP1_'.
Generating RTLIL representation for module `\$__DFFE_NN0'.
Generating RTLIL representation for module `\$__DFFE_NN1'.
Generating RTLIL representation for module `\$__DFFE_PN0'.
Generating RTLIL representation for module `\$__DFFE_PN1'.
Generating RTLIL representation for module `\$__DFFE_NP0'.
Generating RTLIL representation for module `\$__DFFE_NP1'.
Generating RTLIL representation for module `\$__DFFE_PP0'.
Generating RTLIL representation for module `\$__DFFE_PP1'.
Successfully finished Verilog frontend.

3.42.2. Continuing TECHMAP pass.
No more expansions possible.

3.43. Executing OPT_EXPR pass (perform const folding).
Optimizing module top.

3.44. Executing SIMPLEMAP pass (map simple cells to gate primitives).

3.45. Executing ICE40_FFINIT pass (implement FF init values).
Handling FF init values in top.

3.46. Executing ICE40_FFSSR pass (merge synchronous set/reset into FF cells).
Merging set/reset $_MUX_ cells into SB_FFs in top.

3.47. Executing ICE40_OPT pass (performing simple optimizations).

3.47.1. Running ICE40 specific optimizations.

3.47.2. Executing OPT_EXPR pass (perform const folding).
Optimizing module top.

3.47.3. Executing OPT_MERGE pass (detect identical cells).
Finding identical cells in module `\top'.
Removed a total of 0 cells.

3.47.4. Executing OPT_RMDFF pass (remove dff with constant values).

3.47.5. Executing OPT_CLEAN pass (remove unused cells and wires).
Finding unused cells or wires in module \top..

3.47.6. Finished OPT passes. (There is nothing left to do.)

3.48. Executing TECHMAP pass (map to technology primitives).

3.48.1. Executing Verilog-2005 frontend: /usr/local/bin/share/ice40/latches_map.v
Parsing Verilog input from `/usr/local/bin/share/ice40/latches_map.v' to AST representation.
Generating RTLIL representation for module `\$_DLATCH_N_'.
Generating RTLIL representation for module `\$_DLATCH_P_'.
Successfully finished Verilog frontend.

3.48.2. Continuing TECHMAP pass.
No more expansions possible.

3.49. Executing ABC pass (technology mapping using ABC).

3.49.1. Extracting gate netlist of module `\top' to `<abc-temp-dir>/input.blif'..
Extracted 0 gates and 0 wires to a netlist network with 0 inputs and 0 outputs.
Don't call ABC as there is nothing to map.
Removing temp directory.

3.50. Executing ICE40_WRAPCARRY pass (wrap carries).

3.51. Executing TECHMAP pass (map to technology primitives).

3.51.1. Executing Verilog-2005 frontend: /usr/local/bin/share/ice40/cells_map.v
Parsing Verilog input from `/usr/local/bin/share/ice40/cells_map.v' to AST representation.
Generating RTLIL representation for module `\$_DFF_N_'.
Generating RTLIL representation for module `\$_DFF_P_'.
Generating RTLIL representation for module `\$_DFFE_NN_'.
Generating RTLIL representation for module `\$_DFFE_PN_'.
Generating RTLIL representation for module `\$_DFFE_NP_'.
Generating RTLIL representation for module `\$_DFFE_PP_'.
Generating RTLIL representation for module `\$_DFF_NN0_'.
Generating RTLIL representation for module `\$_DFF_NN1_'.
Generating RTLIL representation for module `\$_DFF_PN0_'.
Generating RTLIL representation for module `\$_DFF_PN1_'.
Generating RTLIL representation for module `\$_DFF_NP0_'.
Generating RTLIL representation for module `\$_DFF_NP1_'.
Generating RTLIL representation for module `\$_DFF_PP0_'.
Generating RTLIL representation for module `\$_DFF_PP1_'.
Generating RTLIL representation for module `\$__DFFE_NN0'.
Generating RTLIL representation for module `\$__DFFE_NN1'.
Generating RTLIL representation for module `\$__DFFE_PN0'.
Generating RTLIL representation for module `\$__DFFE_PN1'.
Generating RTLIL representation for module `\$__DFFE_NP0'.
Generating RTLIL representation for module `\$__DFFE_NP1'.
Generating RTLIL representation for module `\$__DFFE_PP0'.
Generating RTLIL representation for module `\$__DFFE_PP1'.
Successfully finished Verilog frontend.

3.51.2. Continuing TECHMAP pass.
No more expansions possible.

3.52. Executing OPT_LUT pass (optimize LUTs).
Discovering LUTs.
Number of LUTs:        0

Eliminating LUTs.
Number of LUTs:        0

Combining LUTs.
Number of LUTs:        0

Eliminated 0 LUTs.
Combined 0 LUTs.

3.53. Executing TECHMAP pass (map to technology primitives).

3.53.1. Executing Verilog-2005 frontend: /usr/local/bin/share/ice40/cells_map.v
Parsing Verilog input from `/usr/local/bin/share/ice40/cells_map.v' to AST representation.
Generating RTLIL representation for module `\$_DFF_N_'.
Generating RTLIL representation for module `\$_DFF_P_'.
Generating RTLIL representation for module `\$_DFFE_NN_'.
Generating RTLIL representation for module `\$_DFFE_PN_'.
Generating RTLIL representation for module `\$_DFFE_NP_'.
Generating RTLIL representation for module `\$_DFFE_PP_'.
Generating RTLIL representation for module `\$_DFF_NN0_'.
Generating RTLIL representation for module `\$_DFF_NN1_'.
Generating RTLIL representation for module `\$_DFF_PN0_'.
Generating RTLIL representation for module `\$_DFF_PN1_'.
Generating RTLIL representation for module `\$_DFF_NP0_'.
Generating RTLIL representation for module `\$_DFF_NP1_'.
Generating RTLIL representation for module `\$_DFF_PP0_'.
Generating RTLIL representation for module `\$_DFF_PP1_'.
Generating RTLIL representation for module `\$__DFFE_NN0'.
Generating RTLIL representation for module `\$__DFFE_NN1'.
Generating RTLIL representation for module `\$__DFFE_PN0'.
Generating RTLIL representation for module `\$__DFFE_PN1'.
Generating RTLIL representation for module `\$__DFFE_NP0'.
Generating RTLIL representation for module `\$__DFFE_NP1'.
Generating RTLIL representation for module `\$__DFFE_PP0'.
Generating RTLIL representation for module `\$__DFFE_PP1'.
Generating RTLIL representation for module `\$lut'.
Successfully finished Verilog frontend.

3.53.2. Continuing TECHMAP pass.
No more expansions possible.

3.54. Executing AUTONAME pass.

3.55. Executing HIERARCHY pass (managing design hierarchy).

3.55.1. Analyzing design hierarchy..
Top module:  \top

3.55.2. Analyzing design hierarchy..
Top module:  \top
Removed 0 unused modules.

3.56. Printing statistics.

=== top ===

   Number of wires:                  9
   Number of wire bits:              9
   Number of public wires:           9
   Number of public wire bits:       9
   Number of memories:               0
   Number of memory bits:            0
   Number of processes:              0
   Number of cells:                  0

3.57. Executing CHECK pass (checking for obvious problems).
checking module top..
found and reported 0 problems.

3.58. Executing JSON backend.

End of script. Logfile hash: fe2c55e668, CPU: user 0.24s system 0.01s, MEM: 49.70 MB peak
Yosys 0.9+1706 (git sha1 0930c00f, clang 6.0.0-1ubuntu2 -fPIC -Os)
Time spent: 47% 14x read_verilog (0 sec), 14% 1x synth_ice40 (0 sec), ...
